<?xml version="1.0" encoding="UTF-8"?>
<!-- Generated by org.testng.reporters.JUnitReportReporter -->
<testsuite hostname="DESKTOP-NDIGNM8" failures="0" tests="1" name="google.com.test.Login" time="5.944" errors="0" timestamp="2022-11-28T13:00:39 IST" skipped="0">
  <testcase classname="google.com.test.Login" name="verifyLoginWithValidCredentials" time="5.944"/>
  <system-out/>
</testsuite> <!-- google.com.test.Login -->
