<?xml version="1.0" encoding="UTF-8"?>
<!-- Generated by org.testng.reporters.JUnitReportReporter -->
<testsuite hostname="DESKTOP-NDIGNM8" failures="0" tests="1" name="Demo" time="0.014" errors="0" timestamp="2022-11-28T12:01:41 IST" skipped="0">
  <testcase classname="Demo" name="sample" time="0.014"/>
  <system-out/>
</testsuite> <!-- Demo -->
